[INFO] Scanning for projects...
[WARNING] 
[WARNING] Some problems were encountered while building the effective model for pe.edu.university:academico-backend:jar:1.0.0
[WARNING] 'build.plugins.plugin.version' for org.jacoco:jacoco-maven-plugin is missing. @ line 102, column 12
[WARNING] 
[WARNING] It is highly recommended to fix these problems because they threaten the stability of your build.
[WARNING] 
[WARNING] For this reason, future Maven versions might no longer support building such malformed projects.
[WARNING] 
[INFO] 
[INFO] ----------------< pe.edu.university:academico-backend >-----------------
[INFO] Building Spring Boot University Backend 1.0.0
[INFO] --------------------------------[ jar ]---------------------------------
[INFO] 
[INFO] --- maven-clean-plugin:3.3.2:clean (default-clean) @ academico-backend ---
[INFO] Deleting D:\tools\Proyectos\Java\academico-backend\target
[INFO] 
[INFO] --- jacoco-maven-plugin:0.8.14:prepare-agent (default) @ academico-backend ---
[INFO] argLine set to -javaagent:C:\\Users\\SHOWM\\.m2\\repository\\org\\jacoco\\org.jacoco.agent\\0.8.14\\org.jacoco.agent-0.8.14-runtime.jar=destfile=D:\\tools\\Proyectos\\Java\\academico-backend\\target\\jacoco.exec
[INFO] 
[INFO] --- maven-resources-plugin:3.3.1:resources (default-resources) @ academico-backend ---
[INFO] Copying 1 resource from src\main\resources to target\classes
[INFO] Copying 0 resource from src\main\resources to target\classes
[INFO] 
[INFO] --- maven-compiler-plugin:3.13.0:compile (default-compile) @ academico-backend ---
[INFO] Recompiling the module because of changed source code.
[INFO] Compiling 83 source files with javac [debug parameters release 17] to target\classes
[INFO] 
[INFO] --- maven-resources-plugin:3.3.1:testResources (default-testResources) @ academico-backend ---
[INFO] skip non existing resourceDirectory D:\tools\Proyectos\Java\academico-backend\src\test\resources
[INFO] 
[INFO] --- maven-compiler-plugin:3.13.0:testCompile (default-testCompile) @ academico-backend ---
[INFO] Recompiling the module because of changed dependency.
[INFO] Compiling 3 source files with javac [debug parameters release 17] to target\test-classes
[INFO] -------------------------------------------------------------
[ERROR] COMPILATION ERROR : 
[INFO] -------------------------------------------------------------
[ERROR] /D:/tools/Proyectos/Java/academico-backend/src/test/java/pe/edu/university/controller/ProfesorControllerIntegrationTest.java:[39,17] cannot find symbol
  symbol:   method tituloAcademico(java.lang.String)
  location: class pe.edu.university.dto.ProfesorDto.ProfesorDtoBuilder
[ERROR] /D:/tools/Proyectos/Java/academico-backend/src/test/java/pe/edu/university/controller/ProfesorControllerIntegrationTest.java:[66,17] cannot find symbol
  symbol:   method tituloAcademico(java.lang.String)
  location: class pe.edu.university.dto.ProfesorDto.ProfesorDtoBuilder
[INFO] 2 errors 
[INFO] -------------------------------------------------------------
[INFO] ------------------------------------------------------------------------
[INFO] BUILD FAILURE
[INFO] ------------------------------------------------------------------------
[INFO] Total time:  6.671 s
[INFO] Finished at: 2025-12-14T20:28:09-05:00
[INFO] ------------------------------------------------------------------------
[ERROR] Failed to execute goal org.apache.maven.plugins:maven-compiler-plugin:3.13.0:testCompile (default-testCompile) on project academico-backend: Compilation failure: Compilation failure: 
[ERROR] /D:/tools/Proyectos/Java/academico-backend/src/test/java/pe/edu/university/controller/ProfesorControllerIntegrationTest.java:[39,17] cannot find symbol
[ERROR]   symbol:   method tituloAcademico(java.lang.String)
[ERROR]   location: class pe.edu.university.dto.ProfesorDto.ProfesorDtoBuilder
[ERROR] /D:/tools/Proyectos/Java/academico-backend/src/test/java/pe/edu/university/controller/ProfesorControllerIntegrationTest.java:[66,17] cannot find symbol
[ERROR]   symbol:   method tituloAcademico(java.lang.String)
[ERROR]   location: class pe.edu.university.dto.ProfesorDto.ProfesorDtoBuilder
[ERROR] -> [Help 1]
[ERROR] 
[ERROR] To see the full stack trace of the errors, re-run Maven with the -e switch.
[ERROR] Re-run Maven using the -X switch to enable full debug logging.
[ERROR] 
[ERROR] For more information about the errors and possible solutions, please read the following articles:
[ERROR] [Help 1] http://cwiki.apache.org/confluence/display/MAVEN/MojoFailureException
